Determining if the pthread_create exist failed with the following output:
Change Dir: /home/sjw/cocos2d-x-3.0/build/linux-build/CMakeFiles/CMakeTmp

Run Build Command:/usr/bin/make "cmTryCompileExec4166302115/fast"
/usr/bin/make -f CMakeFiles/cmTryCompileExec4166302115.dir/build.make CMakeFiles/cmTryCompileExec4166302115.dir/build
make[1]: Entering directory `/home/sjw/cocos2d-x-3.0/build/linux-build/CMakeFiles/CMakeTmp'
/usr/bin/cmake -E cmake_progress_report /home/sjw/cocos2d-x-3.0/build/linux-build/CMakeFiles/CMakeTmp/CMakeFiles 1
Building C object CMakeFiles/cmTryCompileExec4166302115.dir/CheckSymbolExists.c.o
/usr/bin/cc   -std=c99    -o CMakeFiles/cmTryCompileExec4166302115.dir/CheckSymbolExists.c.o   -c /home/sjw/cocos2d-x-3.0/build/linux-build/CMakeFiles/CMakeTmp/CheckSymbolExists.c
Linking C executable cmTryCompileExec4166302115
/usr/bin/cmake -E cmake_link_script CMakeFiles/cmTryCompileExec4166302115.dir/link.txt --verbose=1
/usr/bin/cc  -std=c99     CMakeFiles/cmTryCompileExec4166302115.dir/CheckSymbolExists.c.o  -o cmTryCompileExec4166302115 -rdynamic 
CMakeFiles/cmTryCompileExec4166302115.dir/CheckSymbolExists.c.o: In function `main':
CheckSymbolExists.c:(.text+0xa): undefined reference to `pthread_create'
collect2: error: ld returned 1 exit status
make[1]: *** [cmTryCompileExec4166302115] Error 1
make[1]: Leaving directory `/home/sjw/cocos2d-x-3.0/build/linux-build/CMakeFiles/CMakeTmp'
make: *** [cmTryCompileExec4166302115/fast] Error 2

File /home/sjw/cocos2d-x-3.0/build/linux-build/CMakeFiles/CMakeTmp/CheckSymbolExists.c:
/* */
#include <pthread.h>

int main(int argc, char** argv)
{
  (void)argv;
#ifndef pthread_create
  return ((int*)(&pthread_create))[argc];
#else
  (void)argc;
  return 0;
#endif
}

Determining if the function pthread_create exists in the pthreads failed with the following output:
Change Dir: /home/sjw/cocos2d-x-3.0/build/linux-build/CMakeFiles/CMakeTmp

Run Build Command:/usr/bin/make "cmTryCompileExec2423725033/fast"
/usr/bin/make -f CMakeFiles/cmTryCompileExec2423725033.dir/build.make CMakeFiles/cmTryCompileExec2423725033.dir/build
make[1]: Entering directory `/home/sjw/cocos2d-x-3.0/build/linux-build/CMakeFiles/CMakeTmp'
/usr/bin/cmake -E cmake_progress_report /home/sjw/cocos2d-x-3.0/build/linux-build/CMakeFiles/CMakeTmp/CMakeFiles 1
Building C object CMakeFiles/cmTryCompileExec2423725033.dir/CheckFunctionExists.c.o
/usr/bin/cc   -std=c99 -DCHECK_FUNCTION_EXISTS=pthread_create   -o CMakeFiles/cmTryCompileExec2423725033.dir/CheckFunctionExists.c.o   -c /usr/share/cmake-2.8/Modules/CheckFunctionExists.c
Linking C executable cmTryCompileExec2423725033
/usr/bin/cmake -E cmake_link_script CMakeFiles/cmTryCompileExec2423725033.dir/link.txt --verbose=1
/usr/bin/cc  -std=c99 -DCHECK_FUNCTION_EXISTS=pthread_create    CMakeFiles/cmTryCompileExec2423725033.dir/CheckFunctionExists.c.o  -o cmTryCompileExec2423725033 -rdynamic -lpthreads 
/usr/bin/ld: cannot find -lpthreads
collect2: error: ld returned 1 exit status
make[1]: *** [cmTryCompileExec2423725033] Error 1
make[1]: Leaving directory `/home/sjw/cocos2d-x-3.0/build/linux-build/CMakeFiles/CMakeTmp'
make: *** [cmTryCompileExec2423725033/fast] Error 2


